<?xml version="1.0" encoding="UTF-8"?>
<!-- Generated by org.testng.reporters.JUnitReportReporter -->
<testsuite hostname="Nani" failures="0" tests="9" name="api.test.DDTests" time="11.951" errors="0" timestamp="2024-12-26T19:09:34 IST" skipped="0">
  <testcase classname="api.test.DDTests" name="testPostUser" time="1.697"/>
  <testcase classname="api.test.DDTests" name="testPostUser" time="1.505"/>
  <testcase classname="api.test.DDTests" name="testPostUser" time="1.215"/>
  <testcase classname="api.test.DDTests" name="testGetUserByName" time="1.149"/>
  <testcase classname="api.test.DDTests" name="testGetUserByName" time="1.188"/>
  <testcase classname="api.test.DDTests" name="testGetUserByName" time="1.176"/>
  <testcase classname="api.test.DDTests" name="testDeleteUserByName" time="1.679"/>
  <testcase classname="api.test.DDTests" name="testDeleteUserByName" time="1.194"/>
  <testcase classname="api.test.DDTests" name="testDeleteUserByName" time="1.148"/>
</testsuite> <!-- api.test.DDTests -->
