<?xml version="1.0" encoding="UTF-8"?>
<!-- Generated by org.testng.reporters.JUnitReportReporter -->
<testsuite hostname="Nani" failures="0" tests="4" name="api.test.UserTest2" time="11.677" errors="0" timestamp="2024-12-26T20:06:19 IST" skipped="0">
  <testcase classname="api.test.UserTest2" name="testPostUser" time="6.058"/>
  <testcase classname="api.test.UserTest2" name="testGetUserByName" time="1.466"/>
  <testcase classname="api.test.UserTest2" name="testUpdateUserByName" time="2.793"/>
  <testcase classname="api.test.UserTest2" name="testDeleteUser" time="1.360"/>
</testsuite> <!-- api.test.UserTest2 -->
