<?xml version="1.0" encoding="UTF-8"?>
<!-- Generated by org.testng.reporters.JUnitReportReporter -->
<testsuite hostname="Nani" failures="0" tests="4" name="api.test.UserTest" time="13.017" errors="0" timestamp="2024-12-26T19:38:16 IST" skipped="0">
  <testcase classname="api.test.UserTest" name="testPostUser" time="7.100"/>
  <testcase classname="api.test.UserTest" name="testGetUserByName" time="1.431"/>
  <testcase classname="api.test.UserTest" name="testUpdateUserByName" time="3.097"/>
  <testcase classname="api.test.UserTest" name="testDeleteUser" time="1.389"/>
</testsuite> <!-- api.test.UserTest -->
